"[133955, 147495, 156003, 168797, 235302, 272184, 284255, 289967, 308866, 321596, 331082, 358989, 371266, 383055, 409076, 422439, 427626, 436180, 462236, 480255, 481492, 484230, 486113, 490639, 494705, 514356, 525304, 535224, 536854, 545082, 558271, 577041, 596504, 599341, 616311, 621494, 640725, 682984, 703456, 703490, 716101, 748791, 767398, 778878]",44, 4126,2017-03-31 00:00:00,F
"[110133, 122194, 137892, 156003, 170455, 175030, 205463, 242142, 245407, 264105, 285334, 290288, 299262, 314302, 398255, 408037, 411179, 419573, 435438, 460069, 460608, 516054, 567520, 573796, 579243, 608531, 613840, 618413, 666558, 758591]",30, 4125,2017-03-31 00:00:00,F
"[143739, 269022, 415846, 467509, 481567, 517642]",6, 10,2017-03-31 00:00:00,F
"[118861, 334123, 348211, 399114, 462236, 496594, 577041]",7, 4127,2017-03-31 00:00:00,F
"[462236, 577041]",2, 4127 4126,2017-03-31 00:00:00,F
"[100715, 235939, 260630, 274391, 356654, 527643]",6, 1547,2017-03-31 00:00:00,F
"[167694, 251775, 438350, 566083, 580438]",5, 163,2017-03-31 00:00:00,F
"[422794, 610037, 772088]",3, 263,2017-03-31 00:00:00,F
"[167694, 219557, 335124, 756445]",4, 2946,2017-03-31 00:00:00,F
"[149358, 183542, 356654, 572129, 610037]",5, 6855,2017-03-31 00:00:00,F
"[103101, 149358]",2, 2284,2017-03-31 00:00:00,F
"[407077, 521874, 532721, 675861]",4, 3509,2017-03-31 00:00:00,F
"[527643, 610037, 772088]",3, 6723,2017-03-31 00:00:00,F
"[610037, 772088]",2, 6723 263,2017-03-31 00:00:00,F
"[296939, 309677, 324156]",3, 1531,2017-03-31 00:00:00,F
"[140050, 274391]",2, 2362,2017-03-31 00:00:00,F
"[149358, 356654]",2, 2440 6855,2017-03-31 00:00:00,F
"[129865, 536284, 740166]",3, 2645,2017-03-31 00:00:00,F
"[149358, 219557, 274391]",3, 3275,2017-03-31 00:00:00,F
"[235939, 356654]",2, 3334 1547,2017-03-31 00:00:00,F
"[274391, 388509]",2, 3463 392,2017-03-31 00:00:00,F
"[149358, 219557]",2, 3875 3275,2017-03-31 00:00:00,F
"[113350, 404674, 460608]",3, 4099,2017-03-31 00:00:00,F
"[179210, 480061, 615241]",3, 4128,2017-03-31 00:00:00,F
"[513037, 551178, 600515]",3, 4131,2017-03-31 00:00:00,F
"[274391, 356654, 572129]",3, 5607,2017-03-31 00:00:00,F
"[274391, 356654]",2, 5607 1547,2017-03-31 00:00:00,F
"[356654, 572129]",2, 5607 6855,2017-03-31 00:00:00,F
"[149358, 527643, 659309]",3, 5765,2017-03-31 00:00:00,F
"[100715, 772088]",2, 5844,2017-03-31 00:00:00,F
"[558423, 624419]",2, 1,2017-03-31 00:00:00,F
"[178316, 349205]",2, 285,2017-03-31 00:00:00,F
"[263990, 668617]",2, 431,2017-03-31 00:00:00,F
"[140423, 368346]",2, 500,2017-03-31 00:00:00,F
"[368346, 697503]",2, 686,2017-03-31 00:00:00,F
"[175059, 536284]",2, 1532,2017-03-31 00:00:00,F
"[100715, 527643]",2, 1704 1547,2017-03-31 00:00:00,F
"[349205, 690391]",2, 1705,2017-03-31 00:00:00,F
"[321127, 603454]",2, 1738,2017-03-31 00:00:00,F
"[355952, 375557]",2, 1743,2017-03-31 00:00:00,F
"[114078, 613501]",2, 1801,2017-03-31 00:00:00,F
"[222969, 603454]",2, 1820,2017-03-31 00:00:00,F
"[357076, 514356]",2, 1855,2017-03-31 00:00:00,F
"[527643, 572129]",2, 2234,2017-03-31 00:00:00,F
"[527643, 733528]",2, 2237,2017-03-31 00:00:00,F
"[356654, 610037]",2, 2640 6855,2017-03-31 00:00:00,F
"[100715, 274391]",2, 2756 1547,2017-03-31 00:00:00,F
"[296939, 377865]",2, 2909,2017-03-31 00:00:00,F
"[235939, 675861]",2, 3297,2017-03-31 00:00:00,F
"[527643, 536284]",2, 3307,2017-03-31 00:00:00,F
"[129865, 183542]",2, 3392,2017-03-31 00:00:00,F
"[269544, 469008]",2, 4067,2017-03-31 00:00:00,F
"[178862, 623204]",2, 4129,2017-03-31 00:00:00,F
"[326332, 513037]",2, 4130,2017-03-31 00:00:00,F
"[319861, 784863]",2, 4136,2017-03-31 00:00:00,F
"[659569, 703490]",2, 4632,2017-03-31 00:00:00,F
"[178316, 382160]",2, 4694,2017-03-31 00:00:00,F
"[422794, 733528]",2, 5749,2017-03-31 00:00:00,F
"[226481, 422794]",2, 5750,2017-03-31 00:00:00,F
"[183542, 430423]",2, 5875,2017-03-31 00:00:00,F
"[243854, 777544]",2, 6823,2017-03-31 00:00:00,F
[],,,2017-03-31 00:00:00,F
